<?xml version="1.0"?>
<testsuite name="Chrome Headless 89.0.4389.82 (Windows 10)" package="" timestamp="2021-03-27T15:27:08" id="0" hostname="SAUMSAHA-ECHYJ" tests="5" errors="0" failures="0" time="0.428">
  <properties>
    <property name="browser.fullName" value="Mozilla/5.0 (Windows NT 10.0; Win64; x64) AppleWebKit/537.36 (KHTML, like Gecko) HeadlessChrome/89.0.4389.82 Safari/537.36"/>
  </properties>
  <testcase name="AppComponent should create new entry for cashout" time="0.217" classname="Chrome_Headless_89_0_4389_82_(Windows_10).AppComponent"/>
  <testcase name="AppComponent should create new entry for cashin" time="0.078" classname="Chrome_Headless_89_0_4389_82_(Windows_10).AppComponent"/>
  <testcase name="AppComponent should have amount input" time="0.015" classname="Chrome_Headless_89_0_4389_82_(Windows_10).AppComponent"/>
  <testcase name="AppComponent should display total" time="0.059" classname="Chrome_Headless_89_0_4389_82_(Windows_10).AppComponent"/>
  <testcase name="AppComponent should display Ngx - My Cashbook" time="0.059" classname="Chrome_Headless_89_0_4389_82_(Windows_10).AppComponent"/>
  <system-out>
    <![CDATA[Chrome 89.0.4389.82 (Windows 10) ERROR
  DisconnectedClient disconnected from CONNECTED state (ping timeout)

]]>
  </system-out>
  <system-err/>
</testsuite>